<?xml version="1.0" encoding="UTF-8"?>
<!-- Generated by org.testng.reporters.JUnitReportReporter -->
<testsuite hostname="DESKTOP-LOTSCU6" failures="0" tests="1" name="AmazonTestCases.TestCases" time="60.330" errors="0" timestamp="2024-08-14T18:17:07 IST" skipped="0">
  <testcase classname="AmazonTestCases.TestCases" name="TC06" time="60.330"/>
</testsuite> <!-- AmazonTestCases.TestCases -->
